Found 10457 MTG files.
['/data/trade_pc/mtg/fci/2025/06/06/W_XX-EUMETSAT-Darmstadt,IMG+SAT,MTI1+FCI-1C-RRAD-HRFI-FD--CHK-BODY---NC4E_C_EUMT_20250606001052_IDPFI_OPE_20250606000810_20250606000857_N__O_0001_0035.nc', '/data/trade_pc/mtg/fci/2025/06/06/W_XX-EUMETSAT-Darmstadt,IMG+SAT,MTI1+FCI-1C-RRAD-HRFI-FD--CHK-BODY---NC4E_C_EUMT_20250606001105_IDPFI_OPE_20250606000826_20250606000911_N__O_0001_0036.nc', '/data/trade_pc/mtg/fci/2025/06/06/W_XX-EUMETSAT-Darmstadt,IMG+SAT,MTI1+FCI-1C-RRAD-HRFI-FD--CHK-BODY---NC4E_C_EUMT_20250606001107_IDPFI_OPE_20250606000834_20250606000917_N__O_0001_0037.nc'] None
Processing 2025-06-06 00:00:00 for channel ir_105
Original coords for ir_105 already exist at /data/trade_pc/mtg/fci/processed/no_parallax/original_grid/ir_105_original_coords.nc, skipping.
Processing 2025-06-06 00:00:00 for channel vis_06
Original coords for vis_06 already exist at /data/trade_pc/mtg/fci/processed/no_parallax/original_grid/vis_06_original_coords.nc, skipping.
['/data/trade_pc/mtg/fci/2025/06/06/W_XX-EUMETSAT-Darmstadt,IMG+SAT,MTI1+FCI-1C-RRAD-HRFI-FD--CHK-BODY---NC4E_C_EUMT_20250606002052_IDPFI_OPE_20250606001810_20250606001857_N__O_0002_0035.nc', '/data/trade_pc/mtg/fci/2025/06/06/W_XX-EUMETSAT-Darmstadt,IMG+SAT,MTI1+FCI-1C-RRAD-HRFI-FD--CHK-BODY---NC4E_C_EUMT_20250606002101_IDPFI_OPE_20250606001826_20250606001904_N__O_0002_0036.nc', '/data/trade_pc/mtg/fci/2025/06/06/W_XX-EUMETSAT-Darmstadt,IMG+SAT,MTI1+FCI-1C-RRAD-HRFI-FD--CHK-BODY---NC4E_C_EUMT_20250606002109_IDPFI_OPE_20250606001834_20250606001917_N__O_0002_0037.nc'] None
Processing 2025-06-06 00:10:00 for channel ir_105
Processing 2025-06-06 00:10:00 for channel vis_06
['/data/trade_pc/mtg/fci/2025/06/06/W_XX-EUMETSAT-Darmstadt,IMG+SAT,MTI1+FCI-1C-RRAD-HRFI-FD--CHK-BODY---NC4E_C_EUMT_20250606003043_IDPFI_OPE_20250606002810_20250606002857_N__O_0003_0035.nc', '/data/trade_pc/mtg/fci/2025/06/06/W_XX-EUMETSAT-Darmstadt,IMG+SAT,MTI1+FCI-1C-RRAD-HRFI-FD--CHK-BODY---NC4E_C_EUMT_20250606003055_IDPFI_OPE_20250606002818_20250606002904_N__O_0003_0036.nc', '/data/trade_pc/mtg/fci/2025/06/06/W_XX-EUMETSAT-Darmstadt,IMG+SAT,MTI1+FCI-1C-RRAD-HRFI-FD--CHK-BODY---NC4E_C_EUMT_20250606003104_IDPFI_OPE_20250606002834_20250606002917_N__O_0003_0037.nc'] None
Processing 2025-06-06 00:20:00 for channel ir_105
Processing 2025-06-06 00:20:00 for channel vis_06
['/data/trade_pc/mtg/fci/2025/06/06/W_XX-EUMETSAT-Darmstadt,IMG+SAT,MTI1+FCI-1C-RRAD-HRFI-FD--CHK-BODY---NC4E_C_EUMT_20250606004039_IDPFI_OPE_20250606003810_20250606003857_N__O_0004_0035.nc', '/data/trade_pc/mtg/fci/2025/06/06/W_XX-EUMETSAT-Darmstadt,IMG+SAT,MTI1+FCI-1C-RRAD-HRFI-FD--CHK-BODY---NC4E_C_EUMT_20250606004050_IDPFI_OPE_20250606003818_20250606003904_N__O_0004_0036.nc', '/data/trade_pc/mtg/fci/2025/06/06/W_XX-EUMETSAT-Darmstadt,IMG+SAT,MTI1+FCI-1C-RRAD-HRFI-FD--CHK-BODY---NC4E_C_EUMT_20250606004105_IDPFI_OPE_20250606003834_20250606003917_N__O_0004_0037.nc'] None
Processing 2025-06-06 00:30:00 for channel ir_105
Processing 2025-06-06 00:30:00 for channel vis_06
['/data/trade_pc/mtg/fci/2025/06/06/W_XX-EUMETSAT-Darmstadt,IMG+SAT,MTI1+FCI-1C-RRAD-HRFI-FD--CHK-BODY---NC4E_C_EUMT_20250606005043_IDPFI_OPE_20250606004810_20250606004857_N__O_0005_0035.nc', '/data/trade_pc/mtg/fci/2025/06/06/W_XX-EUMETSAT-Darmstadt,IMG+SAT,MTI1+FCI-1C-RRAD-HRFI-FD--CHK-BODY---NC4E_C_EUMT_20250606005046_IDPFI_OPE_20250606004818_20250606004904_N__O_0005_0036.nc', '/data/trade_pc/mtg/fci/2025/06/06/W_XX-EUMETSAT-Darmstadt,IMG+SAT,MTI1+FCI-1C-RRAD-HRFI-FD--CHK-BODY---NC4E_C_EUMT_20250606005055_IDPFI_OPE_20250606004834_20250606004917_N__O_0005_0037.nc'] None
Processing 2025-06-06 00:40:00 for channel ir_105
Processing 2025-06-06 00:40:00 for channel vis_06
['/data/trade_pc/mtg/fci/2025/06/06/W_XX-EUMETSAT-Darmstadt,IMG+SAT,MTI1+FCI-1C-RRAD-HRFI-FD--CHK-BODY---NC4E_C_EUMT_20250606010045_IDPFI_OPE_20250606005810_20250606005857_N__O_0006_0035.nc', '/data/trade_pc/mtg/fci/2025/06/06/W_XX-EUMETSAT-Darmstadt,IMG+SAT,MTI1+FCI-1C-RRAD-HRFI-FD--CHK-BODY---NC4E_C_EUMT_20250606010047_IDPFI_OPE_20250606005818_20250606005904_N__O_0006_0036.nc', '/data/trade_pc/mtg/fci/2025/06/06/W_XX-EUMETSAT-Darmstadt,IMG+SAT,MTI1+FCI-1C-RRAD-HRFI-FD--CHK-BODY---NC4E_C_EUMT_20250606010057_IDPFI_OPE_20250606005834_20250606005917_N__O_0006_0037.nc'] None
Processing 2025-06-06 00:50:00 for channel ir_105
Processing 2025-06-06 00:50:00 for channel vis_06
['/data/trade_pc/mtg/fci/2025/06/06/W_XX-EUMETSAT-Darmstadt,IMG+SAT,MTI1+FCI-1C-RRAD-HRFI-FD--CHK-BODY---NC4E_C_EUMT_20250606011047_IDPFI_OPE_20250606010810_20250606010857_N__O_0007_0035.nc', '/data/trade_pc/mtg/fci/2025/06/06/W_XX-EUMETSAT-Darmstadt,IMG+SAT,MTI1+FCI-1C-RRAD-HRFI-FD--CHK-BODY---NC4E_C_EUMT_20250606011050_IDPFI_OPE_20250606010818_20250606010911_N__O_0007_0036.nc', '/data/trade_pc/mtg/fci/2025/06/06/W_XX-EUMETSAT-Darmstadt,IMG+SAT,MTI1+FCI-1C-RRAD-HRFI-FD--CHK-BODY---NC4E_C_EUMT_20250606011054_IDPFI_OPE_20250606010834_20250606010917_N__O_0007_0037.nc'] None
Processing 2025-06-06 01:00:00 for channel ir_105
Processing 2025-06-06 01:00:00 for channel vis_06
['/data/trade_pc/mtg/fci/2025/06/06/W_XX-EUMETSAT-Darmstadt,IMG+SAT,MTI1+FCI-1C-RRAD-HRFI-FD--CHK-BODY---NC4E_C_EUMT_20250606012038_IDPFI_OPE_20250606011810_20250606011857_N__O_0008_0035.nc', '/data/trade_pc/mtg/fci/2025/06/06/W_XX-EUMETSAT-Darmstadt,IMG+SAT,MTI1+FCI-1C-RRAD-HRFI-FD--CHK-BODY---NC4E_C_EUMT_20250606012042_IDPFI_OPE_20250606011818_20250606011904_N__O_0008_0036.nc', '/data/trade_pc/mtg/fci/2025/06/06/W_XX-EUMETSAT-Darmstadt,IMG+SAT,MTI1+FCI-1C-RRAD-HRFI-FD--CHK-BODY---NC4E_C_EUMT_20250606012055_IDPFI_OPE_20250606011834_20250606011917_N__O_0008_0037.nc'] None
Processing 2025-06-06 01:10:00 for channel ir_105
Processing 2025-06-06 01:10:00 for channel vis_06
['/data/trade_pc/mtg/fci/2025/06/06/W_XX-EUMETSAT-Darmstadt,IMG+SAT,MTI1+FCI-1C-RRAD-HRFI-FD--CHK-BODY---NC4E_C_EUMT_20250606013039_IDPFI_OPE_20250606012810_20250606012857_N__O_0009_0035.nc', '/data/trade_pc/mtg/fci/2025/06/06/W_XX-EUMETSAT-Darmstadt,IMG+SAT,MTI1+FCI-1C-RRAD-HRFI-FD--CHK-BODY---NC4E_C_EUMT_20250606013046_IDPFI_OPE_20250606012818_20250606012904_N__O_0009_0036.nc', '/data/trade_pc/mtg/fci/2025/06/06/W_XX-EUMETSAT-Darmstadt,IMG+SAT,MTI1+FCI-1C-RRAD-HRFI-FD--CHK-BODY---NC4E_C_EUMT_20250606013056_IDPFI_OPE_20250606012834_20250606012917_N__O_0009_0037.nc'] None
Processing 2025-06-06 01:20:00 for channel ir_105
Processing 2025-06-06 01:20:00 for channel vis_06
['/data/trade_pc/mtg/fci/2025/06/06/W_XX-EUMETSAT-Darmstadt,IMG+SAT,MTI1+FCI-1C-RRAD-HRFI-FD--CHK-BODY---NC4E_C_EUMT_20250606014044_IDPFI_OPE_20250606013810_20250606013857_N__O_0010_0035.nc', '/data/trade_pc/mtg/fci/2025/06/06/W_XX-EUMETSAT-Darmstadt,IMG+SAT,MTI1+FCI-1C-RRAD-HRFI-FD--CHK-BODY---NC4E_C_EUMT_20250606014049_IDPFI_OPE_20250606013818_20250606013904_N__O_0010_0036.nc', '/data/trade_pc/mtg/fci/2025/06/06/W_XX-EUMETSAT-Darmstadt,IMG+SAT,MTI1+FCI-1C-RRAD-HRFI-FD--CHK-BODY---NC4E_C_EUMT_20250606014055_IDPFI_OPE_20250606013834_20250606013917_N__O_0010_0037.nc'] None
Processing 2025-06-06 01:30:00 for channel ir_105
Processing 2025-06-06 01:30:00 for channel vis_06
['/data/trade_pc/mtg/fci/2025/06/06/W_XX-EUMETSAT-Darmstadt,IMG+SAT,MTI1+FCI-1C-RRAD-HRFI-FD--CHK-BODY---NC4E_C_EUMT_20250606015041_IDPFI_OPE_20250606014810_20250606014857_N__O_0011_0035.nc', '/data/trade_pc/mtg/fci/2025/06/06/W_XX-EUMETSAT-Darmstadt,IMG+SAT,MTI1+FCI-1C-RRAD-HRFI-FD--CHK-BODY---NC4E_C_EUMT_20250606015042_IDPFI_OPE_20250606014818_20250606014904_N__O_0011_0036.nc', '/data/trade_pc/mtg/fci/2025/06/06/W_XX-EUMETSAT-Darmstadt,IMG+SAT,MTI1+FCI-1C-RRAD-HRFI-FD--CHK-BODY---NC4E_C_EUMT_20250606015055_IDPFI_OPE_20250606014834_20250606014917_N__O_0011_0037.nc'] None
Processing 2025-06-06 01:40:00 for channel ir_105
Processing 2025-06-06 01:40:00 for channel vis_06
['/data/trade_pc/mtg/fci/2025/06/06/W_XX-EUMETSAT-Darmstadt,IMG+SAT,MTI1+FCI-1C-RRAD-HRFI-FD--CHK-BODY---NC4E_C_EUMT_20250606020038_IDPFI_OPE_20250606015810_20250606015857_N__O_0012_0035.nc', '/data/trade_pc/mtg/fci/2025/06/06/W_XX-EUMETSAT-Darmstadt,IMG+SAT,MTI1+FCI-1C-RRAD-HRFI-FD--CHK-BODY---NC4E_C_EUMT_20250606020042_IDPFI_OPE_20250606015818_20250606015904_N__O_0012_0036.nc', '/data/trade_pc/mtg/fci/2025/06/06/W_XX-EUMETSAT-Darmstadt,IMG+SAT,MTI1+FCI-1C-RRAD-HRFI-FD--CHK-BODY---NC4E_C_EUMT_20250606020052_IDPFI_OPE_20250606015834_20250606015917_N__O_0012_0037.nc'] None
Processing 2025-06-06 01:50:00 for channel ir_105
Processing 2025-06-06 01:50:00 for channel vis_06
['/data/trade_pc/mtg/fci/2025/06/06/W_XX-EUMETSAT-Darmstadt,IMG+SAT,MTI1+FCI-1C-RRAD-HRFI-FD--CHK-BODY---NC4E_C_EUMT_20250606021044_IDPFI_OPE_20250606020810_20250606020857_N__O_0013_0035.nc', '/data/trade_pc/mtg/fci/2025/06/06/W_XX-EUMETSAT-Darmstadt,IMG+SAT,MTI1+FCI-1C-RRAD-HRFI-FD--CHK-BODY---NC4E_C_EUMT_20250606021048_IDPFI_OPE_20250606020818_20250606020911_N__O_0013_0036.nc', '/data/trade_pc/mtg/fci/2025/06/06/W_XX-EUMETSAT-Darmstadt,IMG+SAT,MTI1+FCI-1C-RRAD-HRFI-FD--CHK-BODY---NC4E_C_EUMT_20250606021048_IDPFI_OPE_20250606020834_20250606020917_N__O_0013_0037.nc'] None
Processing 2025-06-06 02:00:00 for channel ir_105
Processing 2025-06-06 02:00:00 for channel vis_06
['/data/trade_pc/mtg/fci/2025/06/06/W_XX-EUMETSAT-Darmstadt,IMG+SAT,MTI1+FCI-1C-RRAD-HRFI-FD--CHK-BODY---NC4E_C_EUMT_20250606022048_IDPFI_OPE_20250606021810_20250606021857_N__O_0014_0035.nc', '/data/trade_pc/mtg/fci/2025/06/06/W_XX-EUMETSAT-Darmstadt,IMG+SAT,MTI1+FCI-1C-RRAD-HRFI-FD--CHK-BODY---NC4E_C_EUMT_20250606022048_IDPFI_OPE_20250606021818_20250606021904_N__O_0014_0036.nc', '/data/trade_pc/mtg/fci/2025/06/06/W_XX-EUMETSAT-Darmstadt,IMG+SAT,MTI1+FCI-1C-RRAD-HRFI-FD--CHK-BODY---NC4E_C_EUMT_20250606022054_IDPFI_OPE_20250606021834_20250606021917_N__O_0014_0037.nc'] None
Processing 2025-06-06 02:10:00 for channel ir_105
Processing 2025-06-06 02:10:00 for channel vis_06
['/data/trade_pc/mtg/fci/2025/06/06/W_XX-EUMETSAT-Darmstadt,IMG+SAT,MTI1+FCI-1C-RRAD-HRFI-FD--CHK-BODY---NC4E_C_EUMT_20250606023041_IDPFI_OPE_20250606022810_20250606022857_N__O_0015_0035.nc', '/data/trade_pc/mtg/fci/2025/06/06/W_XX-EUMETSAT-Darmstadt,IMG+SAT,MTI1+FCI-1C-RRAD-HRFI-FD--CHK-BODY---NC4E_C_EUMT_20250606023043_IDPFI_OPE_20250606022818_20250606022904_N__O_0015_0036.nc', '/data/trade_pc/mtg/fci/2025/06/06/W_XX-EUMETSAT-Darmstadt,IMG+SAT,MTI1+FCI-1C-RRAD-HRFI-FD--CHK-BODY---NC4E_C_EUMT_20250606023052_IDPFI_OPE_20250606022834_20250606022917_N__O_0015_0037.nc'] None
Processing 2025-06-06 02:20:00 for channel ir_105
Processing 2025-06-06 02:20:00 for channel vis_06
['/data/trade_pc/mtg/fci/2025/06/06/W_XX-EUMETSAT-Darmstadt,IMG+SAT,MTI1+FCI-1C-RRAD-HRFI-FD--CHK-BODY---NC4E_C_EUMT_20250606024043_IDPFI_OPE_20250606023810_20250606023857_N__O_0016_0035.nc', '/data/trade_pc/mtg/fci/2025/06/06/W_XX-EUMETSAT-Darmstadt,IMG+SAT,MTI1+FCI-1C-RRAD-HRFI-FD--CHK-BODY---NC4E_C_EUMT_20250606024043_IDPFI_OPE_20250606023818_20250606023904_N__O_0016_0036.nc', '/data/trade_pc/mtg/fci/2025/06/06/W_XX-EUMETSAT-Darmstadt,IMG+SAT,MTI1+FCI-1C-RRAD-HRFI-FD--CHK-BODY---NC4E_C_EUMT_20250606024054_IDPFI_OPE_20250606023834_20250606023917_N__O_0016_0037.nc'] None
Processing 2025-06-06 02:30:00 for channel ir_105
Processing 2025-06-06 02:30:00 for channel vis_06
['/data/trade_pc/mtg/fci/2025/06/06/W_XX-EUMETSAT-Darmstadt,IMG+SAT,MTI1+FCI-1C-RRAD-HRFI-FD--CHK-BODY---NC4E_C_EUMT_20250606025052_IDPFI_OPE_20250606024810_20250606024857_N__O_0017_0035.nc', '/data/trade_pc/mtg/fci/2025/06/06/W_XX-EUMETSAT-Darmstadt,IMG+SAT,MTI1+FCI-1C-RRAD-HRFI-FD--CHK-BODY---NC4E_C_EUMT_20250606025052_IDPFI_OPE_20250606024818_20250606024904_N__O_0017_0036.nc', '/data/trade_pc/mtg/fci/2025/06/06/W_XX-EUMETSAT-Darmstadt,IMG+SAT,MTI1+FCI-1C-RRAD-HRFI-FD--CHK-BODY---NC4E_C_EUMT_20250606025058_IDPFI_OPE_20250606024834_20250606024917_N__O_0017_0037.nc'] None
Processing 2025-06-06 02:40:00 for channel ir_105
Processing 2025-06-06 02:40:00 for channel vis_06
['/data/trade_pc/mtg/fci/2025/06/06/W_XX-EUMETSAT-Darmstadt,IMG+SAT,MTI1+FCI-1C-RRAD-HRFI-FD--CHK-BODY---NC4E_C_EUMT_20250606030044_IDPFI_OPE_20250606025810_20250606025857_N__O_0018_0035.nc', '/data/trade_pc/mtg/fci/2025/06/06/W_XX-EUMETSAT-Darmstadt,IMG+SAT,MTI1+FCI-1C-RRAD-HRFI-FD--CHK-BODY---NC4E_C_EUMT_20250606030044_IDPFI_OPE_20250606025818_20250606025904_N__O_0018_0036.nc', '/data/trade_pc/mtg/fci/2025/06/06/W_XX-EUMETSAT-Darmstadt,IMG+SAT,MTI1+FCI-1C-RRAD-HRFI-FD--CHK-BODY---NC4E_C_EUMT_20250606030055_IDPFI_OPE_20250606025834_20250606025917_N__O_0018_0037.nc'] None
Processing 2025-06-06 02:50:00 for channel ir_105
Processing 2025-06-06 02:50:00 for channel vis_06
['/data/trade_pc/mtg/fci/2025/06/06/W_XX-EUMETSAT-Darmstadt,IMG+SAT,MTI1+FCI-1C-RRAD-HRFI-FD--CHK-BODY---NC4E_C_EUMT_20250606031043_IDPFI_OPE_20250606030810_20250606030857_N__O_0019_0035.nc', '/data/trade_pc/mtg/fci/2025/06/06/W_XX-EUMETSAT-Darmstadt,IMG+SAT,MTI1+FCI-1C-RRAD-HRFI-FD--CHK-BODY---NC4E_C_EUMT_20250606031044_IDPFI_OPE_20250606030818_20250606030904_N__O_0019_0036.nc', '/data/trade_pc/mtg/fci/2025/06/06/W_XX-EUMETSAT-Darmstadt,IMG+SAT,MTI1+FCI-1C-RRAD-HRFI-FD--CHK-BODY---NC4E_C_EUMT_20250606031053_IDPFI_OPE_20250606030834_20250606030917_N__O_0019_0037.nc'] None
Processing 2025-06-06 03:00:00 for channel ir_105
Processing 2025-06-06 03:00:00 for channel vis_06
['/data/trade_pc/mtg/fci/2025/06/06/W_XX-EUMETSAT-Darmstadt,IMG+SAT,MTI1+FCI-1C-RRAD-HRFI-FD--CHK-BODY---NC4E_C_EUMT_20250606032047_IDPFI_OPE_20250606031810_20250606031857_N__O_0020_0035.nc', '/data/trade_pc/mtg/fci/2025/06/06/W_XX-EUMETSAT-Darmstadt,IMG+SAT,MTI1+FCI-1C-RRAD-HRFI-FD--CHK-BODY---NC4E_C_EUMT_20250606032049_IDPFI_OPE_20250606031818_20250606031904_N__O_0020_0036.nc', '/data/trade_pc/mtg/fci/2025/06/06/W_XX-EUMETSAT-Darmstadt,IMG+SAT,MTI1+FCI-1C-RRAD-HRFI-FD--CHK-BODY---NC4E_C_EUMT_20250606032056_IDPFI_OPE_20250606031834_20250606031917_N__O_0020_0037.nc'] None
Processing 2025-06-06 03:10:00 for channel ir_105
Processing 2025-06-06 03:10:00 for channel vis_06
['/data/trade_pc/mtg/fci/2025/06/06/W_XX-EUMETSAT-Darmstadt,IMG+SAT,MTI1+FCI-1C-RRAD-HRFI-FD--CHK-BODY---NC4E_C_EUMT_20250606033038_IDPFI_OPE_20250606032810_20250606032857_N__O_0021_0035.nc', '/data/trade_pc/mtg/fci/2025/06/06/W_XX-EUMETSAT-Darmstadt,IMG+SAT,MTI1+FCI-1C-RRAD-HRFI-FD--CHK-BODY---NC4E_C_EUMT_20250606033047_IDPFI_OPE_20250606032818_20250606032904_N__O_0021_0036.nc', '/data/trade_pc/mtg/fci/2025/06/06/W_XX-EUMETSAT-Darmstadt,IMG+SAT,MTI1+FCI-1C-RRAD-HRFI-FD--CHK-BODY---NC4E_C_EUMT_20250606033057_IDPFI_OPE_20250606032834_20250606032917_N__O_0021_0037.nc'] None
Processing 2025-06-06 03:20:00 for channel ir_105
Processing 2025-06-06 03:20:00 for channel vis_06
['/data/trade_pc/mtg/fci/2025/06/06/W_XX-EUMETSAT-Darmstadt,IMG+SAT,MTI1+FCI-1C-RRAD-HRFI-FD--CHK-BODY---NC4E_C_EUMT_20250606034049_IDPFI_OPE_20250606033810_20250606033857_N__O_0022_0035.nc', '/data/trade_pc/mtg/fci/2025/06/06/W_XX-EUMETSAT-Darmstadt,IMG+SAT,MTI1+FCI-1C-RRAD-HRFI-FD--CHK-BODY---NC4E_C_EUMT_20250606034049_IDPFI_OPE_20250606033818_20250606033904_N__O_0022_0036.nc', '/data/trade_pc/mtg/fci/2025/06/06/W_XX-EUMETSAT-Darmstadt,IMG+SAT,MTI1+FCI-1C-RRAD-HRFI-FD--CHK-BODY---NC4E_C_EUMT_20250606034056_IDPFI_OPE_20250606033834_20250606033917_N__O_0022_0037.nc'] None
Processing 2025-06-06 03:30:00 for channel ir_105
Processing 2025-06-06 03:30:00 for channel vis_06
['/data/trade_pc/mtg/fci/2025/06/06/W_XX-EUMETSAT-Darmstadt,IMG+SAT,MTI1+FCI-1C-RRAD-HRFI-FD--CHK-BODY---NC4E_C_EUMT_20250606035037_IDPFI_OPE_20250606034810_20250606034857_N__O_0023_0035.nc', '/data/trade_pc/mtg/fci/2025/06/06/W_XX-EUMETSAT-Darmstadt,IMG+SAT,MTI1+FCI-1C-RRAD-HRFI-FD--CHK-BODY---NC4E_C_EUMT_20250606035044_IDPFI_OPE_20250606034818_20250606034904_N__O_0023_0036.nc', '/data/trade_pc/mtg/fci/2025/06/06/W_XX-EUMETSAT-Darmstadt,IMG+SAT,MTI1+FCI-1C-RRAD-HRFI-FD--CHK-BODY---NC4E_C_EUMT_20250606035057_IDPFI_OPE_20250606034834_20250606034917_N__O_0023_0037.nc'] None
Processing 2025-06-06 03:40:00 for channel ir_105
Processing 2025-06-06 03:40:00 for channel vis_06
['/data/trade_pc/mtg/fci/2025/06/06/W_XX-EUMETSAT-Darmstadt,IMG+SAT,MTI1+FCI-1C-RRAD-HRFI-FD--CHK-BODY---NC4E_C_EUMT_20250606040046_IDPFI_OPE_20250606035810_20250606035857_N__O_0024_0035.nc', '/data/trade_pc/mtg/fci/2025/06/06/W_XX-EUMETSAT-Darmstadt,IMG+SAT,MTI1+FCI-1C-RRAD-HRFI-FD--CHK-BODY---NC4E_C_EUMT_20250606040046_IDPFI_OPE_20250606035818_20250606035904_N__O_0024_0036.nc', '/data/trade_pc/mtg/fci/2025/06/06/W_XX-EUMETSAT-Darmstadt,IMG+SAT,MTI1+FCI-1C-RRAD-HRFI-FD--CHK-BODY---NC4E_C_EUMT_20250606040059_IDPFI_OPE_20250606035834_20250606035917_N__O_0024_0037.nc'] None
Processing 2025-06-06 03:50:00 for channel ir_105
Processing 2025-06-06 03:50:00 for channel vis_06
['/data/trade_pc/mtg/fci/2025/06/06/W_XX-EUMETSAT-Darmstadt,IMG+SAT,MTI1+FCI-1C-RRAD-HRFI-FD--CHK-BODY---NC4E_C_EUMT_20250606041042_IDPFI_OPE_20250606040810_20250606040857_N__O_0025_0035.nc', '/data/trade_pc/mtg/fci/2025/06/06/W_XX-EUMETSAT-Darmstadt,IMG+SAT,MTI1+FCI-1C-RRAD-HRFI-FD--CHK-BODY---NC4E_C_EUMT_20250606041043_IDPFI_OPE_20250606040818_20250606040904_N__O_0025_0036.nc', '/data/trade_pc/mtg/fci/2025/06/06/W_XX-EUMETSAT-Darmstadt,IMG+SAT,MTI1+FCI-1C-RRAD-HRFI-FD--CHK-BODY---NC4E_C_EUMT_20250606041053_IDPFI_OPE_20250606040834_20250606040917_N__O_0025_0037.nc'] None
Processing 2025-06-06 04:00:00 for channel ir_105
Processing 2025-06-06 04:00:00 for channel vis_06
['/data/trade_pc/mtg/fci/2025/06/06/W_XX-EUMETSAT-Darmstadt,IMG+SAT,MTI1+FCI-1C-RRAD-HRFI-FD--CHK-BODY---NC4E_C_EUMT_20250606042047_IDPFI_OPE_20250606041810_20250606041857_N__O_0026_0035.nc', '/data/trade_pc/mtg/fci/2025/06/06/W_XX-EUMETSAT-Darmstadt,IMG+SAT,MTI1+FCI-1C-RRAD-HRFI-FD--CHK-BODY---NC4E_C_EUMT_20250606042047_IDPFI_OPE_20250606041818_20250606041904_N__O_0026_0036.nc', '/data/trade_pc/mtg/fci/2025/06/06/W_XX-EUMETSAT-Darmstadt,IMG+SAT,MTI1+FCI-1C-RRAD-HRFI-FD--CHK-BODY---NC4E_C_EUMT_20250606042101_IDPFI_OPE_20250606041834_20250606041917_N__O_0026_0037.nc'] None
Processing 2025-06-06 04:10:00 for channel ir_105
Processing 2025-06-06 04:10:00 for channel vis_06
['/data/trade_pc/mtg/fci/2025/06/06/W_XX-EUMETSAT-Darmstadt,IMG+SAT,MTI1+FCI-1C-RRAD-HRFI-FD--CHK-BODY---NC4E_C_EUMT_20250606043041_IDPFI_OPE_20250606042810_20250606042857_N__O_0027_0035.nc', '/data/trade_pc/mtg/fci/2025/06/06/W_XX-EUMETSAT-Darmstadt,IMG+SAT,MTI1+FCI-1C-RRAD-HRFI-FD--CHK-BODY---NC4E_C_EUMT_20250606043043_IDPFI_OPE_20250606042818_20250606042904_N__O_0027_0036.nc', '/data/trade_pc/mtg/fci/2025/06/06/W_XX-EUMETSAT-Darmstadt,IMG+SAT,MTI1+FCI-1C-RRAD-HRFI-FD--CHK-BODY---NC4E_C_EUMT_20250606043052_IDPFI_OPE_20250606042834_20250606042917_N__O_0027_0037.nc'] None
Processing 2025-06-06 04:20:00 for channel ir_105
Processing 2025-06-06 04:20:00 for channel vis_06
['/data/trade_pc/mtg/fci/2025/06/06/W_XX-EUMETSAT-Darmstadt,IMG+SAT,MTI1+FCI-1C-RRAD-HRFI-FD--CHK-BODY---NC4E_C_EUMT_20250606044042_IDPFI_OPE_20250606043810_20250606043857_N__O_0028_0035.nc', '/data/trade_pc/mtg/fci/2025/06/06/W_XX-EUMETSAT-Darmstadt,IMG+SAT,MTI1+FCI-1C-RRAD-HRFI-FD--CHK-BODY---NC4E_C_EUMT_20250606044050_IDPFI_OPE_20250606043818_20250606043904_N__O_0028_0036.nc', '/data/trade_pc/mtg/fci/2025/06/06/W_XX-EUMETSAT-Darmstadt,IMG+SAT,MTI1+FCI-1C-RRAD-HRFI-FD--CHK-BODY---NC4E_C_EUMT_20250606044101_IDPFI_OPE_20250606043834_20250606043917_N__O_0028_0037.nc'] None
Processing 2025-06-06 04:30:00 for channel ir_105
Processing 2025-06-06 04:30:00 for channel vis_06
['/data/trade_pc/mtg/fci/2025/06/06/W_XX-EUMETSAT-Darmstadt,IMG+SAT,MTI1+FCI-1C-RRAD-HRFI-FD--CHK-BODY---NC4E_C_EUMT_20250606045045_IDPFI_OPE_20250606044810_20250606044857_N__O_0029_0035.nc', '/data/trade_pc/mtg/fci/2025/06/06/W_XX-EUMETSAT-Darmstadt,IMG+SAT,MTI1+FCI-1C-RRAD-HRFI-FD--CHK-BODY---NC4E_C_EUMT_20250606045045_IDPFI_OPE_20250606044818_20250606044904_N__O_0029_0036.nc', '/data/trade_pc/mtg/fci/2025/06/06/W_XX-EUMETSAT-Darmstadt,IMG+SAT,MTI1+FCI-1C-RRAD-HRFI-FD--CHK-BODY---NC4E_C_EUMT_20250606045055_IDPFI_OPE_20250606044834_20250606044917_N__O_0029_0037.nc'] None
Processing 2025-06-06 04:40:00 for channel ir_105
Processing 2025-06-06 04:40:00 for channel vis_06
['/data/trade_pc/mtg/fci/2025/06/06/W_XX-EUMETSAT-Darmstadt,IMG+SAT,MTI1+FCI-1C-RRAD-HRFI-FD--CHK-BODY---NC4E_C_EUMT_20250606050039_IDPFI_OPE_20250606045810_20250606045857_N__O_0030_0035.nc', '/data/trade_pc/mtg/fci/2025/06/06/W_XX-EUMETSAT-Darmstadt,IMG+SAT,MTI1+FCI-1C-RRAD-HRFI-FD--CHK-BODY---NC4E_C_EUMT_20250606050047_IDPFI_OPE_20250606045818_20250606045904_N__O_0030_0036.nc', '/data/trade_pc/mtg/fci/2025/06/06/W_XX-EUMETSAT-Darmstadt,IMG+SAT,MTI1+FCI-1C-RRAD-HRFI-FD--CHK-BODY---NC4E_C_EUMT_20250606050100_IDPFI_OPE_20250606045834_20250606045917_N__O_0030_0037.nc'] None
Processing 2025-06-06 04:50:00 for channel ir_105
Processing 2025-06-06 04:50:00 for channel vis_06
['/data/trade_pc/mtg/fci/2025/06/06/W_XX-EUMETSAT-Darmstadt,IMG+SAT,MTI1+FCI-1C-RRAD-HRFI-FD--CHK-BODY---NC4E_C_EUMT_20250606051041_IDPFI_OPE_20250606050810_20250606050857_N__O_0031_0035.nc', '/data/trade_pc/mtg/fci/2025/06/06/W_XX-EUMETSAT-Darmstadt,IMG+SAT,MTI1+FCI-1C-RRAD-HRFI-FD--CHK-BODY---NC4E_C_EUMT_20250606051042_IDPFI_OPE_20250606050818_20250606050904_N__O_0031_0036.nc', '/data/trade_pc/mtg/fci/2025/06/06/W_XX-EUMETSAT-Darmstadt,IMG+SAT,MTI1+FCI-1C-RRAD-HRFI-FD--CHK-BODY---NC4E_C_EUMT_20250606051059_IDPFI_OPE_20250606050834_20250606050917_N__O_0031_0037.nc'] None
Processing 2025-06-06 05:00:00 for channel ir_105
Processing 2025-06-06 05:00:00 for channel vis_06
['/data/trade_pc/mtg/fci/2025/06/06/W_XX-EUMETSAT-Darmstadt,IMG+SAT,MTI1+FCI-1C-RRAD-HRFI-FD--CHK-BODY---NC4E_C_EUMT_20250606052037_IDPFI_OPE_20250606051810_20250606051857_N__O_0032_0035.nc', '/data/trade_pc/mtg/fci/2025/06/06/W_XX-EUMETSAT-Darmstadt,IMG+SAT,MTI1+FCI-1C-RRAD-HRFI-FD--CHK-BODY---NC4E_C_EUMT_20250606052042_IDPFI_OPE_20250606051818_20250606051904_N__O_0032_0036.nc', '/data/trade_pc/mtg/fci/2025/06/06/W_XX-EUMETSAT-Darmstadt,IMG+SAT,MTI1+FCI-1C-RRAD-HRFI-FD--CHK-BODY---NC4E_C_EUMT_20250606052056_IDPFI_OPE_20250606051834_20250606051917_N__O_0032_0037.nc'] None
Processing 2025-06-06 05:10:00 for channel ir_105
Processing 2025-06-06 05:10:00 for channel vis_06
['/data/trade_pc/mtg/fci/2025/06/06/W_XX-EUMETSAT-Darmstadt,IMG+SAT,MTI1+FCI-1C-RRAD-HRFI-FD--CHK-BODY---NC4E_C_EUMT_20250606053046_IDPFI_OPE_20250606052810_20250606052857_N__O_0033_0035.nc', '/data/trade_pc/mtg/fci/2025/06/06/W_XX-EUMETSAT-Darmstadt,IMG+SAT,MTI1+FCI-1C-RRAD-HRFI-FD--CHK-BODY---NC4E_C_EUMT_20250606053046_IDPFI_OPE_20250606052818_20250606052904_N__O_0033_0036.nc', '/data/trade_pc/mtg/fci/2025/06/06/W_XX-EUMETSAT-Darmstadt,IMG+SAT,MTI1+FCI-1C-RRAD-HRFI-FD--CHK-BODY---NC4E_C_EUMT_20250606053051_IDPFI_OPE_20250606052834_20250606052917_N__O_0033_0037.nc'] None
Processing 2025-06-06 05:20:00 for channel ir_105
Processing 2025-06-06 05:20:00 for channel vis_06
['/data/trade_pc/mtg/fci/2025/06/06/W_XX-EUMETSAT-Darmstadt,IMG+SAT,MTI1+FCI-1C-RRAD-HRFI-FD--CHK-BODY---NC4E_C_EUMT_20250606054041_IDPFI_OPE_20250606053810_20250606053857_N__O_0034_0035.nc', '/data/trade_pc/mtg/fci/2025/06/06/W_XX-EUMETSAT-Darmstadt,IMG+SAT,MTI1+FCI-1C-RRAD-HRFI-FD--CHK-BODY---NC4E_C_EUMT_20250606054053_IDPFI_OPE_20250606053818_20250606053904_N__O_0034_0036.nc', '/data/trade_pc/mtg/fci/2025/06/06/W_XX-EUMETSAT-Darmstadt,IMG+SAT,MTI1+FCI-1C-RRAD-HRFI-FD--CHK-BODY---NC4E_C_EUMT_20250606054058_IDPFI_OPE_20250606053834_20250606053917_N__O_0034_0037.nc'] None
Processing 2025-06-06 05:30:00 for channel ir_105
Processing 2025-06-06 05:30:00 for channel vis_06
['/data/trade_pc/mtg/fci/2025/06/06/W_XX-EUMETSAT-Darmstadt,IMG+SAT,MTI1+FCI-1C-RRAD-HRFI-FD--CHK-BODY---NC4E_C_EUMT_20250606055047_IDPFI_OPE_20250606054810_20250606054857_N__O_0035_0035.nc', '/data/trade_pc/mtg/fci/2025/06/06/W_XX-EUMETSAT-Darmstadt,IMG+SAT,MTI1+FCI-1C-RRAD-HRFI-FD--CHK-BODY---NC4E_C_EUMT_20250606055049_IDPFI_OPE_20250606054818_20250606054904_N__O_0035_0036.nc', '/data/trade_pc/mtg/fci/2025/06/06/W_XX-EUMETSAT-Darmstadt,IMG+SAT,MTI1+FCI-1C-RRAD-HRFI-FD--CHK-BODY---NC4E_C_EUMT_20250606055055_IDPFI_OPE_20250606054834_20250606054917_N__O_0035_0037.nc'] None
Processing 2025-06-06 05:40:00 for channel ir_105
Processing 2025-06-06 05:40:00 for channel vis_06
2025-07-08 12:07:28,515 ERROR: Failed reading file /data/trade_pc/mtg/fci/2025/06/06/W_XX-EUMETSAT-Darmstadt,IMG+SAT,MTI1+FCI-1C-RRAD-HRFI-FD--CHK-BODY---NC4E_C_EUMT_20250606094059_IDPFI_OPE_20250606093826_20250606093911_N__O_0058_0036.nc. Possibly corrupted file
Traceback (most recent call last):
  File "/home/dcorradi/.local/lib/python3.10/site-packages/satpy/readers/netcdf_utils.py", line 401, in _get_file_handle
    return super()._get_file_handle()
  File "/home/dcorradi/.local/lib/python3.10/site-packages/satpy/readers/netcdf_utils.py", line 126, in _get_file_handle
    return netCDF4.Dataset(self.filename, "r")
  File "src/netCDF4/_netCDF4.pyx", line 2469, in netCDF4._netCDF4.Dataset.__init__
  File "src/netCDF4/_netCDF4.pyx", line 2028, in netCDF4._netCDF4._ensure_nc_success
OSError: [Errno -101] NetCDF: HDF error: '/data/trade_pc/mtg/fci/2025/06/06/W_XX-EUMETSAT-Darmstadt,IMG+SAT,MTI1+FCI-1C-RRAD-HRFI-FD--CHK-BODY---NC4E_C_EUMT_20250606094059_IDPFI_OPE_20250606093826_20250606093911_N__O_0058_0036.nc'

During handling of the above exception, another exception occurred:

Traceback (most recent call last):
  File "/home/dcorradi/.local/lib/python3.10/site-packages/satpy/readers/netcdf_utils.py", line 103, in __init__
    file_handle = self._get_file_handle()
  File "/home/dcorradi/.local/lib/python3.10/site-packages/satpy/readers/netcdf_utils.py", line 407, in _get_file_handle
    return h5netcdf.File(f_obj, "r")
  File "/work/dcorradi/anaconda3/envs/satpy_env/lib/python3.10/site-packages/h5netcdf/core.py", line 1554, in __init__
    self._h5file = self._h5py.File(
  File "/work/dcorradi/anaconda3/envs/satpy_env/lib/python3.10/site-packages/h5py/_hl/files.py", line 562, in __init__
    fid = make_fid(name, mode, userblock_size, fapl, fcpl, swmr=swmr)
  File "/work/dcorradi/anaconda3/envs/satpy_env/lib/python3.10/site-packages/h5py/_hl/files.py", line 235, in make_fid
    fid = h5f.open(name, flags, fapl=fapl)
  File "h5py/_objects.pyx", line 54, in h5py._objects.with_phil.wrapper
  File "h5py/_objects.pyx", line 55, in h5py._objects.with_phil.wrapper
  File "h5py/h5f.pyx", line 102, in h5py.h5f.open
OSError: Unable to synchronously open file (truncated file: eof = 18988501, sblock->base_addr = 0, stored_eof = 22713864)
['/data/trade_pc/mtg/fci/2025/06/06/W_XX-EUMETSAT-Darmstadt,IMG+SAT,MTI1+FCI-1C-RRAD-HRFI-FD--CHK-BODY---NC4E_C_EUMT_20250606060051_IDPFI_OPE_20250606055810_20250606055857_N__O_0036_0035.nc', '/data/trade_pc/mtg/fci/2025/06/06/W_XX-EUMETSAT-Darmstadt,IMG+SAT,MTI1+FCI-1C-RRAD-HRFI-FD--CHK-BODY---NC4E_C_EUMT_20250606060054_IDPFI_OPE_20250606055826_20250606055904_N__O_0036_0036.nc', '/data/trade_pc/mtg/fci/2025/06/06/W_XX-EUMETSAT-Darmstadt,IMG+SAT,MTI1+FCI-1C-RRAD-HRFI-FD--CHK-BODY---NC4E_C_EUMT_20250606060102_IDPFI_OPE_20250606055834_20250606055917_N__O_0036_0037.nc'] None
Processing 2025-06-06 05:50:00 for channel ir_105
Processing 2025-06-06 05:50:00 for channel vis_06
['/data/trade_pc/mtg/fci/2025/06/06/W_XX-EUMETSAT-Darmstadt,IMG+SAT,MTI1+FCI-1C-RRAD-HRFI-FD--CHK-BODY---NC4E_C_EUMT_20250606061051_IDPFI_OPE_20250606060810_20250606060857_N__O_0037_0035.nc', '/data/trade_pc/mtg/fci/2025/06/06/W_XX-EUMETSAT-Darmstadt,IMG+SAT,MTI1+FCI-1C-RRAD-HRFI-FD--CHK-BODY---NC4E_C_EUMT_20250606061053_IDPFI_OPE_20250606060826_20250606060911_N__O_0037_0036.nc', '/data/trade_pc/mtg/fci/2025/06/06/W_XX-EUMETSAT-Darmstadt,IMG+SAT,MTI1+FCI-1C-RRAD-HRFI-FD--CHK-BODY---NC4E_C_EUMT_20250606061102_IDPFI_OPE_20250606060834_20250606060917_N__O_0037_0037.nc'] None
Processing 2025-06-06 06:00:00 for channel ir_105
Processing 2025-06-06 06:00:00 for channel vis_06
['/data/trade_pc/mtg/fci/2025/06/06/W_XX-EUMETSAT-Darmstadt,IMG+SAT,MTI1+FCI-1C-RRAD-HRFI-FD--CHK-BODY---NC4E_C_EUMT_20250606062042_IDPFI_OPE_20250606061810_20250606061857_N__O_0038_0035.nc', '/data/trade_pc/mtg/fci/2025/06/06/W_XX-EUMETSAT-Darmstadt,IMG+SAT,MTI1+FCI-1C-RRAD-HRFI-FD--CHK-BODY---NC4E_C_EUMT_20250606062048_IDPFI_OPE_20250606061834_20250606061917_N__O_0038_0037.nc', '/data/trade_pc/mtg/fci/2025/06/06/W_XX-EUMETSAT-Darmstadt,IMG+SAT,MTI1+FCI-1C-RRAD-HRFI-FD--CHK-BODY---NC4E_C_EUMT_20250606062049_IDPFI_OPE_20250606061826_20250606061911_N__O_0038_0036.nc'] None
Processing 2025-06-06 06:10:00 for channel ir_105
Processing 2025-06-06 06:10:00 for channel vis_06
['/data/trade_pc/mtg/fci/2025/06/06/W_XX-EUMETSAT-Darmstadt,IMG+SAT,MTI1+FCI-1C-RRAD-HRFI-FD--CHK-BODY---NC4E_C_EUMT_20250606063046_IDPFI_OPE_20250606062810_20250606062857_N__O_0039_0035.nc', '/data/trade_pc/mtg/fci/2025/06/06/W_XX-EUMETSAT-Darmstadt,IMG+SAT,MTI1+FCI-1C-RRAD-HRFI-FD--CHK-BODY---NC4E_C_EUMT_20250606063055_IDPFI_OPE_20250606062826_20250606062911_N__O_0039_0036.nc', '/data/trade_pc/mtg/fci/2025/06/06/W_XX-EUMETSAT-Darmstadt,IMG+SAT,MTI1+FCI-1C-RRAD-HRFI-FD--CHK-BODY---NC4E_C_EUMT_20250606063055_IDPFI_OPE_20250606062834_20250606062917_N__O_0039_0037.nc'] None
Processing 2025-06-06 06:20:00 for channel ir_105
Processing 2025-06-06 06:20:00 for channel vis_06
['/data/trade_pc/mtg/fci/2025/06/06/W_XX-EUMETSAT-Darmstadt,IMG+SAT,MTI1+FCI-1C-RRAD-HRFI-FD--CHK-BODY---NC4E_C_EUMT_20250606064040_IDPFI_OPE_20250606063810_20250606063857_N__O_0040_0035.nc', '/data/trade_pc/mtg/fci/2025/06/06/W_XX-EUMETSAT-Darmstadt,IMG+SAT,MTI1+FCI-1C-RRAD-HRFI-FD--CHK-BODY---NC4E_C_EUMT_20250606064054_IDPFI_OPE_20250606063826_20250606063911_N__O_0040_0036.nc', '/data/trade_pc/mtg/fci/2025/06/06/W_XX-EUMETSAT-Darmstadt,IMG+SAT,MTI1+FCI-1C-RRAD-HRFI-FD--CHK-BODY---NC4E_C_EUMT_20250606064103_IDPFI_OPE_20250606063834_20250606063917_N__O_0040_0037.nc'] None
Processing 2025-06-06 06:30:00 for channel ir_105
Processing 2025-06-06 06:30:00 for channel vis_06
['/data/trade_pc/mtg/fci/2025/06/06/W_XX-EUMETSAT-Darmstadt,IMG+SAT,MTI1+FCI-1C-RRAD-HRFI-FD--CHK-BODY---NC4E_C_EUMT_20250606065036_IDPFI_OPE_20250606064810_20250606064857_N__O_0041_0035.nc', '/data/trade_pc/mtg/fci/2025/06/06/W_XX-EUMETSAT-Darmstadt,IMG+SAT,MTI1+FCI-1C-RRAD-HRFI-FD--CHK-BODY---NC4E_C_EUMT_20250606065053_IDPFI_OPE_20250606064826_20250606064911_N__O_0041_0036.nc', '/data/trade_pc/mtg/fci/2025/06/06/W_XX-EUMETSAT-Darmstadt,IMG+SAT,MTI1+FCI-1C-RRAD-HRFI-FD--CHK-BODY---NC4E_C_EUMT_20250606065054_IDPFI_OPE_20250606064834_20250606064917_N__O_0041_0037.nc'] None
Processing 2025-06-06 06:40:00 for channel ir_105
Processing 2025-06-06 06:40:00 for channel vis_06
['/data/trade_pc/mtg/fci/2025/06/06/W_XX-EUMETSAT-Darmstadt,IMG+SAT,MTI1+FCI-1C-RRAD-HRFI-FD--CHK-BODY---NC4E_C_EUMT_20250606070044_IDPFI_OPE_20250606065810_20250606065857_N__O_0042_0035.nc', '/data/trade_pc/mtg/fci/2025/06/06/W_XX-EUMETSAT-Darmstadt,IMG+SAT,MTI1+FCI-1C-RRAD-HRFI-FD--CHK-BODY---NC4E_C_EUMT_20250606070053_IDPFI_OPE_20250606065826_20250606065911_N__O_0042_0036.nc', '/data/trade_pc/mtg/fci/2025/06/06/W_XX-EUMETSAT-Darmstadt,IMG+SAT,MTI1+FCI-1C-RRAD-HRFI-FD--CHK-BODY---NC4E_C_EUMT_20250606070053_IDPFI_OPE_20250606065834_20250606065917_N__O_0042_0037.nc'] None
Processing 2025-06-06 06:50:00 for channel ir_105
Processing 2025-06-06 06:50:00 for channel vis_06
['/data/trade_pc/mtg/fci/2025/06/06/W_XX-EUMETSAT-Darmstadt,IMG+SAT,MTI1+FCI-1C-RRAD-HRFI-FD--CHK-BODY---NC4E_C_EUMT_20250606071047_IDPFI_OPE_20250606070810_20250606070857_N__O_0043_0035.nc', '/data/trade_pc/mtg/fci/2025/06/06/W_XX-EUMETSAT-Darmstadt,IMG+SAT,MTI1+FCI-1C-RRAD-HRFI-FD--CHK-BODY---NC4E_C_EUMT_20250606071051_IDPFI_OPE_20250606070826_20250606070911_N__O_0043_0036.nc', '/data/trade_pc/mtg/fci/2025/06/06/W_XX-EUMETSAT-Darmstadt,IMG+SAT,MTI1+FCI-1C-RRAD-HRFI-FD--CHK-BODY---NC4E_C_EUMT_20250606071054_IDPFI_OPE_20250606070834_20250606070917_N__O_0043_0037.nc'] None
Processing 2025-06-06 07:00:00 for channel ir_105
Processing 2025-06-06 07:00:00 for channel vis_06
['/data/trade_pc/mtg/fci/2025/06/06/W_XX-EUMETSAT-Darmstadt,IMG+SAT,MTI1+FCI-1C-RRAD-HRFI-FD--CHK-BODY---NC4E_C_EUMT_20250606072050_IDPFI_OPE_20250606071810_20250606071857_N__O_0044_0035.nc', '/data/trade_pc/mtg/fci/2025/06/06/W_XX-EUMETSAT-Darmstadt,IMG+SAT,MTI1+FCI-1C-RRAD-HRFI-FD--CHK-BODY---NC4E_C_EUMT_20250606072053_IDPFI_OPE_20250606071826_20250606071911_N__O_0044_0036.nc', '/data/trade_pc/mtg/fci/2025/06/06/W_XX-EUMETSAT-Darmstadt,IMG+SAT,MTI1+FCI-1C-RRAD-HRFI-FD--CHK-BODY---NC4E_C_EUMT_20250606072055_IDPFI_OPE_20250606071834_20250606071917_N__O_0044_0037.nc'] None
Processing 2025-06-06 07:10:00 for channel ir_105
Processing 2025-06-06 07:10:00 for channel vis_06
['/data/trade_pc/mtg/fci/2025/06/06/W_XX-EUMETSAT-Darmstadt,IMG+SAT,MTI1+FCI-1C-RRAD-HRFI-FD--CHK-BODY---NC4E_C_EUMT_20250606073050_IDPFI_OPE_20250606072810_20250606072857_N__O_0045_0035.nc', '/data/trade_pc/mtg/fci/2025/06/06/W_XX-EUMETSAT-Darmstadt,IMG+SAT,MTI1+FCI-1C-RRAD-HRFI-FD--CHK-BODY---NC4E_C_EUMT_20250606073053_IDPFI_OPE_20250606072826_20250606072911_N__O_0045_0036.nc', '/data/trade_pc/mtg/fci/2025/06/06/W_XX-EUMETSAT-Darmstadt,IMG+SAT,MTI1+FCI-1C-RRAD-HRFI-FD--CHK-BODY---NC4E_C_EUMT_20250606073055_IDPFI_OPE_20250606072834_20250606072917_N__O_0045_0037.nc'] None
Processing 2025-06-06 07:20:00 for channel ir_105
Processing 2025-06-06 07:20:00 for channel vis_06
['/data/trade_pc/mtg/fci/2025/06/06/W_XX-EUMETSAT-Darmstadt,IMG+SAT,MTI1+FCI-1C-RRAD-HRFI-FD--CHK-BODY---NC4E_C_EUMT_20250606074046_IDPFI_OPE_20250606073810_20250606073857_N__O_0046_0035.nc', '/data/trade_pc/mtg/fci/2025/06/06/W_XX-EUMETSAT-Darmstadt,IMG+SAT,MTI1+FCI-1C-RRAD-HRFI-FD--CHK-BODY---NC4E_C_EUMT_20250606074055_IDPFI_OPE_20250606073826_20250606073911_N__O_0046_0036.nc', '/data/trade_pc/mtg/fci/2025/06/06/W_XX-EUMETSAT-Darmstadt,IMG+SAT,MTI1+FCI-1C-RRAD-HRFI-FD--CHK-BODY---NC4E_C_EUMT_20250606074057_IDPFI_OPE_20250606073834_20250606073917_N__O_0046_0037.nc'] None
Processing 2025-06-06 07:30:00 for channel ir_105
Processing 2025-06-06 07:30:00 for channel vis_06
['/data/trade_pc/mtg/fci/2025/06/06/W_XX-EUMETSAT-Darmstadt,IMG+SAT,MTI1+FCI-1C-RRAD-HRFI-FD--CHK-BODY---NC4E_C_EUMT_20250606075046_IDPFI_OPE_20250606074810_20250606074857_N__O_0047_0035.nc', '/data/trade_pc/mtg/fci/2025/06/06/W_XX-EUMETSAT-Darmstadt,IMG+SAT,MTI1+FCI-1C-RRAD-HRFI-FD--CHK-BODY---NC4E_C_EUMT_20250606075049_IDPFI_OPE_20250606074826_20250606074911_N__O_0047_0036.nc', '/data/trade_pc/mtg/fci/2025/06/06/W_XX-EUMETSAT-Darmstadt,IMG+SAT,MTI1+FCI-1C-RRAD-HRFI-FD--CHK-BODY---NC4E_C_EUMT_20250606075052_IDPFI_OPE_20250606074834_20250606074917_N__O_0047_0037.nc'] None
Processing 2025-06-06 07:40:00 for channel ir_105
Processing 2025-06-06 07:40:00 for channel vis_06
['/data/trade_pc/mtg/fci/2025/06/06/W_XX-EUMETSAT-Darmstadt,IMG+SAT,MTI1+FCI-1C-RRAD-HRFI-FD--CHK-BODY---NC4E_C_EUMT_20250606080044_IDPFI_OPE_20250606075810_20250606075857_N__O_0048_0035.nc', '/data/trade_pc/mtg/fci/2025/06/06/W_XX-EUMETSAT-Darmstadt,IMG+SAT,MTI1+FCI-1C-RRAD-HRFI-FD--CHK-BODY---NC4E_C_EUMT_20250606080053_IDPFI_OPE_20250606075826_20250606075911_N__O_0048_0036.nc', '/data/trade_pc/mtg/fci/2025/06/06/W_XX-EUMETSAT-Darmstadt,IMG+SAT,MTI1+FCI-1C-RRAD-HRFI-FD--CHK-BODY---NC4E_C_EUMT_20250606080059_IDPFI_OPE_20250606075834_20250606075917_N__O_0048_0037.nc'] None
Processing 2025-06-06 07:50:00 for channel ir_105
Processing 2025-06-06 07:50:00 for channel vis_06
['/data/trade_pc/mtg/fci/2025/06/06/W_XX-EUMETSAT-Darmstadt,IMG+SAT,MTI1+FCI-1C-RRAD-HRFI-FD--CHK-BODY---NC4E_C_EUMT_20250606081042_IDPFI_OPE_20250606080810_20250606080857_N__O_0049_0035.nc', '/data/trade_pc/mtg/fci/2025/06/06/W_XX-EUMETSAT-Darmstadt,IMG+SAT,MTI1+FCI-1C-RRAD-HRFI-FD--CHK-BODY---NC4E_C_EUMT_20250606081054_IDPFI_OPE_20250606080826_20250606080911_N__O_0049_0036.nc', '/data/trade_pc/mtg/fci/2025/06/06/W_XX-EUMETSAT-Darmstadt,IMG+SAT,MTI1+FCI-1C-RRAD-HRFI-FD--CHK-BODY---NC4E_C_EUMT_20250606081056_IDPFI_OPE_20250606080834_20250606080917_N__O_0049_0037.nc'] None
Processing 2025-06-06 08:00:00 for channel ir_105
Processing 2025-06-06 08:00:00 for channel vis_06
['/data/trade_pc/mtg/fci/2025/06/06/W_XX-EUMETSAT-Darmstadt,IMG+SAT,MTI1+FCI-1C-RRAD-HRFI-FD--CHK-BODY---NC4E_C_EUMT_20250606082049_IDPFI_OPE_20250606081810_20250606081904_N__O_0050_0035.nc', '/data/trade_pc/mtg/fci/2025/06/06/W_XX-EUMETSAT-Darmstadt,IMG+SAT,MTI1+FCI-1C-RRAD-HRFI-FD--CHK-BODY---NC4E_C_EUMT_20250606082049_IDPFI_OPE_20250606081826_20250606081911_N__O_0050_0036.nc', '/data/trade_pc/mtg/fci/2025/06/06/W_XX-EUMETSAT-Darmstadt,IMG+SAT,MTI1+FCI-1C-RRAD-HRFI-FD--CHK-BODY---NC4E_C_EUMT_20250606082051_IDPFI_OPE_20250606081834_20250606081917_N__O_0050_0037.nc'] None
Processing 2025-06-06 08:10:00 for channel ir_105
Processing 2025-06-06 08:10:00 for channel vis_06
['/data/trade_pc/mtg/fci/2025/06/06/W_XX-EUMETSAT-Darmstadt,IMG+SAT,MTI1+FCI-1C-RRAD-HRFI-FD--CHK-BODY---NC4E_C_EUMT_20250606083039_IDPFI_OPE_20250606082810_20250606082857_N__O_0051_0035.nc', '/data/trade_pc/mtg/fci/2025/06/06/W_XX-EUMETSAT-Darmstadt,IMG+SAT,MTI1+FCI-1C-RRAD-HRFI-FD--CHK-BODY---NC4E_C_EUMT_20250606083054_IDPFI_OPE_20250606082826_20250606082911_N__O_0051_0036.nc', '/data/trade_pc/mtg/fci/2025/06/06/W_XX-EUMETSAT-Darmstadt,IMG+SAT,MTI1+FCI-1C-RRAD-HRFI-FD--CHK-BODY---NC4E_C_EUMT_20250606083054_IDPFI_OPE_20250606082834_20250606082917_N__O_0051_0037.nc'] None
Processing 2025-06-06 08:20:00 for channel ir_105
Processing 2025-06-06 08:20:00 for channel vis_06
['/data/trade_pc/mtg/fci/2025/06/06/W_XX-EUMETSAT-Darmstadt,IMG+SAT,MTI1+FCI-1C-RRAD-HRFI-FD--CHK-BODY---NC4E_C_EUMT_20250606084043_IDPFI_OPE_20250606083810_20250606083857_N__O_0052_0035.nc', '/data/trade_pc/mtg/fci/2025/06/06/W_XX-EUMETSAT-Darmstadt,IMG+SAT,MTI1+FCI-1C-RRAD-HRFI-FD--CHK-BODY---NC4E_C_EUMT_20250606084051_IDPFI_OPE_20250606083826_20250606083911_N__O_0052_0036.nc', '/data/trade_pc/mtg/fci/2025/06/06/W_XX-EUMETSAT-Darmstadt,IMG+SAT,MTI1+FCI-1C-RRAD-HRFI-FD--CHK-BODY---NC4E_C_EUMT_20250606084056_IDPFI_OPE_20250606083834_20250606083917_N__O_0052_0037.nc'] None
Processing 2025-06-06 08:30:00 for channel ir_105
Processing 2025-06-06 08:30:00 for channel vis_06
['/data/trade_pc/mtg/fci/2025/06/06/W_XX-EUMETSAT-Darmstadt,IMG+SAT,MTI1+FCI-1C-RRAD-HRFI-FD--CHK-BODY---NC4E_C_EUMT_20250606085046_IDPFI_OPE_20250606084810_20250606084857_N__O_0053_0035.nc', '/data/trade_pc/mtg/fci/2025/06/06/W_XX-EUMETSAT-Darmstadt,IMG+SAT,MTI1+FCI-1C-RRAD-HRFI-FD--CHK-BODY---NC4E_C_EUMT_20250606085058_IDPFI_OPE_20250606084826_20250606084911_N__O_0053_0036.nc', '/data/trade_pc/mtg/fci/2025/06/06/W_XX-EUMETSAT-Darmstadt,IMG+SAT,MTI1+FCI-1C-RRAD-HRFI-FD--CHK-BODY---NC4E_C_EUMT_20250606085101_IDPFI_OPE_20250606084834_20250606084917_N__O_0053_0037.nc'] None
Processing 2025-06-06 08:40:00 for channel ir_105
Processing 2025-06-06 08:40:00 for channel vis_06
['/data/trade_pc/mtg/fci/2025/06/06/W_XX-EUMETSAT-Darmstadt,IMG+SAT,MTI1+FCI-1C-RRAD-HRFI-FD--CHK-BODY---NC4E_C_EUMT_20250606090049_IDPFI_OPE_20250606085810_20250606085904_N__O_0054_0035.nc', '/data/trade_pc/mtg/fci/2025/06/06/W_XX-EUMETSAT-Darmstadt,IMG+SAT,MTI1+FCI-1C-RRAD-HRFI-FD--CHK-BODY---NC4E_C_EUMT_20250606090052_IDPFI_OPE_20250606085826_20250606085911_N__O_0054_0036.nc', '/data/trade_pc/mtg/fci/2025/06/06/W_XX-EUMETSAT-Darmstadt,IMG+SAT,MTI1+FCI-1C-RRAD-HRFI-FD--CHK-BODY---NC4E_C_EUMT_20250606090052_IDPFI_OPE_20250606085834_20250606085917_N__O_0054_0037.nc'] None
Processing 2025-06-06 08:50:00 for channel ir_105
Processing 2025-06-06 08:50:00 for channel vis_06
['/data/trade_pc/mtg/fci/2025/06/06/W_XX-EUMETSAT-Darmstadt,IMG+SAT,MTI1+FCI-1C-RRAD-HRFI-FD--CHK-BODY---NC4E_C_EUMT_20250606091044_IDPFI_OPE_20250606090810_20250606090857_N__O_0055_0035.nc', '/data/trade_pc/mtg/fci/2025/06/06/W_XX-EUMETSAT-Darmstadt,IMG+SAT,MTI1+FCI-1C-RRAD-HRFI-FD--CHK-BODY---NC4E_C_EUMT_20250606091059_IDPFI_OPE_20250606090826_20250606090911_N__O_0055_0036.nc', '/data/trade_pc/mtg/fci/2025/06/06/W_XX-EUMETSAT-Darmstadt,IMG+SAT,MTI1+FCI-1C-RRAD-HRFI-FD--CHK-BODY---NC4E_C_EUMT_20250606091059_IDPFI_OPE_20250606090842_20250606090917_N__O_0055_0037.nc'] None
Processing 2025-06-06 09:00:00 for channel ir_105
Processing 2025-06-06 09:00:00 for channel vis_06
['/data/trade_pc/mtg/fci/2025/06/06/W_XX-EUMETSAT-Darmstadt,IMG+SAT,MTI1+FCI-1C-RRAD-HRFI-FD--CHK-BODY---NC4E_C_EUMT_20250606092048_IDPFI_OPE_20250606091810_20250606091904_N__O_0056_0035.nc', '/data/trade_pc/mtg/fci/2025/06/06/W_XX-EUMETSAT-Darmstadt,IMG+SAT,MTI1+FCI-1C-RRAD-HRFI-FD--CHK-BODY---NC4E_C_EUMT_20250606092059_IDPFI_OPE_20250606091826_20250606091911_N__O_0056_0036.nc', '/data/trade_pc/mtg/fci/2025/06/06/W_XX-EUMETSAT-Darmstadt,IMG+SAT,MTI1+FCI-1C-RRAD-HRFI-FD--CHK-BODY---NC4E_C_EUMT_20250606092102_IDPFI_OPE_20250606091842_20250606091924_N__O_0056_0037.nc'] None
Processing 2025-06-06 09:10:00 for channel ir_105
Processing 2025-06-06 09:10:00 for channel vis_06
['/data/trade_pc/mtg/fci/2025/06/06/W_XX-EUMETSAT-Darmstadt,IMG+SAT,MTI1+FCI-1C-RRAD-HRFI-FD--CHK-BODY---NC4E_C_EUMT_20250606093049_IDPFI_OPE_20250606092810_20250606092857_N__O_0057_0035.nc', '/data/trade_pc/mtg/fci/2025/06/06/W_XX-EUMETSAT-Darmstadt,IMG+SAT,MTI1+FCI-1C-RRAD-HRFI-FD--CHK-BODY---NC4E_C_EUMT_20250606093100_IDPFI_OPE_20250606092826_20250606092911_N__O_0057_0036.nc', '/data/trade_pc/mtg/fci/2025/06/06/W_XX-EUMETSAT-Darmstadt,IMG+SAT,MTI1+FCI-1C-RRAD-HRFI-FD--CHK-BODY---NC4E_C_EUMT_20250606093100_IDPFI_OPE_20250606092842_20250606092924_N__O_0057_0037.nc'] None
Processing 2025-06-06 09:20:00 for channel ir_105
Processing 2025-06-06 09:20:00 for channel vis_06
['/data/trade_pc/mtg/fci/2025/06/06/W_XX-EUMETSAT-Darmstadt,IMG+SAT,MTI1+FCI-1C-RRAD-HRFI-FD--CHK-BODY---NC4E_C_EUMT_20250606094054_IDPFI_OPE_20250606093810_20250606093857_N__O_0058_0035.nc', '/data/trade_pc/mtg/fci/2025/06/06/W_XX-EUMETSAT-Darmstadt,IMG+SAT,MTI1+FCI-1C-RRAD-HRFI-FD--CHK-BODY---NC4E_C_EUMT_20250606094059_IDPFI_OPE_20250606093826_20250606093911_N__O_0058_0036.nc', '/data/trade_pc/mtg/fci/2025/06/06/W_XX-EUMETSAT-Darmstadt,IMG+SAT,MTI1+FCI-1C-RRAD-HRFI-FD--CHK-BODY---NC4E_C_EUMT_20250606094101_IDPFI_OPE_20250606093842_20250606093924_N__O_0058_0037.nc'] None
Processing 2025-06-06 09:30:00 for channel ir_105
Traceback (most recent call last):
  File "/home/dcorradi/.local/lib/python3.10/site-packages/satpy/readers/netcdf_utils.py", line 401, in _get_file_handle
    return super()._get_file_handle()
  File "/home/dcorradi/.local/lib/python3.10/site-packages/satpy/readers/netcdf_utils.py", line 126, in _get_file_handle
    return netCDF4.Dataset(self.filename, "r")
  File "src/netCDF4/_netCDF4.pyx", line 2469, in netCDF4._netCDF4.Dataset.__init__
  File "src/netCDF4/_netCDF4.pyx", line 2028, in netCDF4._netCDF4._ensure_nc_success
OSError: [Errno -101] NetCDF: HDF error: '/data/trade_pc/mtg/fci/2025/06/06/W_XX-EUMETSAT-Darmstadt,IMG+SAT,MTI1+FCI-1C-RRAD-HRFI-FD--CHK-BODY---NC4E_C_EUMT_20250606094059_IDPFI_OPE_20250606093826_20250606093911_N__O_0058_0036.nc'

During handling of the above exception, another exception occurred:

Traceback (most recent call last):
  File "/home/dcorradi/Documents/Codes/MTG-EUMETSAT/processing/run_pipeline.py", line 125, in <module>
    main()
  File "/home/dcorradi/Documents/Codes/MTG-EUMETSAT/processing/run_pipeline.py", line 101, in main
    ds = process_timestamp(ts, channel, mtg_f, cth_f, cfg, grid, cfg['regular_grid'])
  File "/home/dcorradi/Documents/Codes/MTG-EUMETSAT/processing/process.py", line 37, in process_timestamp
    scn = make_scene(msg_file, cth_file, config)
  File "/home/dcorradi/Documents/Codes/MTG-EUMETSAT/processing/scene_utils.py", line 30, in make_scene
    return Scene(reader=config['mtg_reader'], filenames=msg_file)
  File "/home/dcorradi/.local/lib/python3.10/site-packages/satpy/scene.py", line 152, in __init__
    self._readers = self._create_reader_instances(filenames=filenames,
  File "/home/dcorradi/.local/lib/python3.10/site-packages/satpy/scene.py", line 173, in _create_reader_instances
    return load_readers(filenames=filenames,
  File "/home/dcorradi/.local/lib/python3.10/site-packages/satpy/readers/__init__.py", line 578, in load_readers
    reader_instance.create_filehandlers(
  File "/home/dcorradi/.local/lib/python3.10/site-packages/satpy/readers/yaml_reader.py", line 1167, in create_filehandlers
    created_fhs = super(GEOSegmentYAMLReader, self).create_filehandlers(
  File "/home/dcorradi/.local/lib/python3.10/site-packages/satpy/readers/yaml_reader.py", line 616, in create_filehandlers
    filehandlers = self._new_filehandlers_for_filetype(filetype_info,
  File "/home/dcorradi/.local/lib/python3.10/site-packages/satpy/readers/yaml_reader.py", line 604, in _new_filehandlers_for_filetype
    return list(filtered_iter)
  File "/home/dcorradi/.local/lib/python3.10/site-packages/satpy/readers/yaml_reader.py", line 572, in filter_fh_by_metadata
    for filehandler in filehandlers:
  File "/home/dcorradi/.local/lib/python3.10/site-packages/satpy/readers/yaml_reader.py", line 513, in _new_filehandler_instances
    yield filetype_cls(filename, filename_info, filetype_info, *req_fh, **fh_kwargs)
  File "/home/dcorradi/.local/lib/python3.10/site-packages/satpy/readers/fci_l1c_nc.py", line 205, in __init__
    super().__init__(filename, filename_info,
  File "/home/dcorradi/.local/lib/python3.10/site-packages/satpy/readers/netcdf_utils.py", line 103, in __init__
    file_handle = self._get_file_handle()
  File "/home/dcorradi/.local/lib/python3.10/site-packages/satpy/readers/netcdf_utils.py", line 407, in _get_file_handle
    return h5netcdf.File(f_obj, "r")
  File "/work/dcorradi/anaconda3/envs/satpy_env/lib/python3.10/site-packages/h5netcdf/core.py", line 1554, in __init__
    self._h5file = self._h5py.File(
  File "/work/dcorradi/anaconda3/envs/satpy_env/lib/python3.10/site-packages/h5py/_hl/files.py", line 562, in __init__
    fid = make_fid(name, mode, userblock_size, fapl, fcpl, swmr=swmr)
  File "/work/dcorradi/anaconda3/envs/satpy_env/lib/python3.10/site-packages/h5py/_hl/files.py", line 235, in make_fid
    fid = h5f.open(name, flags, fapl=fapl)
  File "h5py/_objects.pyx", line 54, in h5py._objects.with_phil.wrapper
  File "h5py/_objects.pyx", line 55, in h5py._objects.with_phil.wrapper
  File "h5py/h5f.pyx", line 102, in h5py.h5f.open
OSError: Unable to synchronously open file (truncated file: eof = 18988501, sblock->base_addr = 0, stored_eof = 22713864)
Found 10457 MTG files.
['/data/trade_pc/mtg/fci/2025/06/06/W_XX-EUMETSAT-Darmstadt,IMG+SAT,MTI1+FCI-1C-RRAD-HRFI-FD--CHK-BODY---NC4E_C_EUMT_20250606001052_IDPFI_OPE_20250606000810_20250606000857_N__O_0001_0035.nc', '/data/trade_pc/mtg/fci/2025/06/06/W_XX-EUMETSAT-Darmstadt,IMG+SAT,MTI1+FCI-1C-RRAD-HRFI-FD--CHK-BODY---NC4E_C_EUMT_20250606001105_IDPFI_OPE_20250606000826_20250606000911_N__O_0001_0036.nc', '/data/trade_pc/mtg/fci/2025/06/06/W_XX-EUMETSAT-Darmstadt,IMG+SAT,MTI1+FCI-1C-RRAD-HRFI-FD--CHK-BODY---NC4E_C_EUMT_20250606001107_IDPFI_OPE_20250606000834_20250606000917_N__O_0001_0037.nc'] None
Processing 2025-06-06 00:00:00 for channel ir_105
Original coords for ir_105 already exist at /data/trade_pc/mtg/fci/processed/no_parallax/original_grid/ir_105_original_coords.nc, skipping.
Processing 2025-06-06 00:00:00 for channel vis_06
Original coords for vis_06 already exist at /data/trade_pc/mtg/fci/processed/no_parallax/original_grid/vis_06_original_coords.nc, skipping.
['/data/trade_pc/mtg/fci/2025/06/06/W_XX-EUMETSAT-Darmstadt,IMG+SAT,MTI1+FCI-1C-RRAD-HRFI-FD--CHK-BODY---NC4E_C_EUMT_20250606002052_IDPFI_OPE_20250606001810_20250606001857_N__O_0002_0035.nc', '/data/trade_pc/mtg/fci/2025/06/06/W_XX-EUMETSAT-Darmstadt,IMG+SAT,MTI1+FCI-1C-RRAD-HRFI-FD--CHK-BODY---NC4E_C_EUMT_20250606002101_IDPFI_OPE_20250606001826_20250606001904_N__O_0002_0036.nc', '/data/trade_pc/mtg/fci/2025/06/06/W_XX-EUMETSAT-Darmstadt,IMG+SAT,MTI1+FCI-1C-RRAD-HRFI-FD--CHK-BODY---NC4E_C_EUMT_20250606002109_IDPFI_OPE_20250606001834_20250606001917_N__O_0002_0037.nc'] None
Processing 2025-06-06 00:10:00 for channel ir_105
Processing 2025-06-06 00:10:00 for channel vis_06
['/data/trade_pc/mtg/fci/2025/06/06/W_XX-EUMETSAT-Darmstadt,IMG+SAT,MTI1+FCI-1C-RRAD-HRFI-FD--CHK-BODY---NC4E_C_EUMT_20250606003043_IDPFI_OPE_20250606002810_20250606002857_N__O_0003_0035.nc', '/data/trade_pc/mtg/fci/2025/06/06/W_XX-EUMETSAT-Darmstadt,IMG+SAT,MTI1+FCI-1C-RRAD-HRFI-FD--CHK-BODY---NC4E_C_EUMT_20250606003055_IDPFI_OPE_20250606002818_20250606002904_N__O_0003_0036.nc', '/data/trade_pc/mtg/fci/2025/06/06/W_XX-EUMETSAT-Darmstadt,IMG+SAT,MTI1+FCI-1C-RRAD-HRFI-FD--CHK-BODY---NC4E_C_EUMT_20250606003104_IDPFI_OPE_20250606002834_20250606002917_N__O_0003_0037.nc'] None
Processing 2025-06-06 00:20:00 for channel ir_105
Processing 2025-06-06 00:20:00 for channel vis_06
['/data/trade_pc/mtg/fci/2025/06/06/W_XX-EUMETSAT-Darmstadt,IMG+SAT,MTI1+FCI-1C-RRAD-HRFI-FD--CHK-BODY---NC4E_C_EUMT_20250606004039_IDPFI_OPE_20250606003810_20250606003857_N__O_0004_0035.nc', '/data/trade_pc/mtg/fci/2025/06/06/W_XX-EUMETSAT-Darmstadt,IMG+SAT,MTI1+FCI-1C-RRAD-HRFI-FD--CHK-BODY---NC4E_C_EUMT_20250606004050_IDPFI_OPE_20250606003818_20250606003904_N__O_0004_0036.nc', '/data/trade_pc/mtg/fci/2025/06/06/W_XX-EUMETSAT-Darmstadt,IMG+SAT,MTI1+FCI-1C-RRAD-HRFI-FD--CHK-BODY---NC4E_C_EUMT_20250606004105_IDPFI_OPE_20250606003834_20250606003917_N__O_0004_0037.nc'] None
Processing 2025-06-06 00:30:00 for channel ir_105
Processing 2025-06-06 00:30:00 for channel vis_06
['/data/trade_pc/mtg/fci/2025/06/06/W_XX-EUMETSAT-Darmstadt,IMG+SAT,MTI1+FCI-1C-RRAD-HRFI-FD--CHK-BODY---NC4E_C_EUMT_20250606005043_IDPFI_OPE_20250606004810_20250606004857_N__O_0005_0035.nc', '/data/trade_pc/mtg/fci/2025/06/06/W_XX-EUMETSAT-Darmstadt,IMG+SAT,MTI1+FCI-1C-RRAD-HRFI-FD--CHK-BODY---NC4E_C_EUMT_20250606005046_IDPFI_OPE_20250606004818_20250606004904_N__O_0005_0036.nc', '/data/trade_pc/mtg/fci/2025/06/06/W_XX-EUMETSAT-Darmstadt,IMG+SAT,MTI1+FCI-1C-RRAD-HRFI-FD--CHK-BODY---NC4E_C_EUMT_20250606005055_IDPFI_OPE_20250606004834_20250606004917_N__O_0005_0037.nc'] None
Processing 2025-06-06 00:40:00 for channel ir_105
Processing 2025-06-06 00:40:00 for channel vis_06
['/data/trade_pc/mtg/fci/2025/06/06/W_XX-EUMETSAT-Darmstadt,IMG+SAT,MTI1+FCI-1C-RRAD-HRFI-FD--CHK-BODY---NC4E_C_EUMT_20250606010045_IDPFI_OPE_20250606005810_20250606005857_N__O_0006_0035.nc', '/data/trade_pc/mtg/fci/2025/06/06/W_XX-EUMETSAT-Darmstadt,IMG+SAT,MTI1+FCI-1C-RRAD-HRFI-FD--CHK-BODY---NC4E_C_EUMT_20250606010047_IDPFI_OPE_20250606005818_20250606005904_N__O_0006_0036.nc', '/data/trade_pc/mtg/fci/2025/06/06/W_XX-EUMETSAT-Darmstadt,IMG+SAT,MTI1+FCI-1C-RRAD-HRFI-FD--CHK-BODY---NC4E_C_EUMT_20250606010057_IDPFI_OPE_20250606005834_20250606005917_N__O_0006_0037.nc'] None
Processing 2025-06-06 00:50:00 for channel ir_105
Processing 2025-06-06 00:50:00 for channel vis_06
['/data/trade_pc/mtg/fci/2025/06/06/W_XX-EUMETSAT-Darmstadt,IMG+SAT,MTI1+FCI-1C-RRAD-HRFI-FD--CHK-BODY---NC4E_C_EUMT_20250606011047_IDPFI_OPE_20250606010810_20250606010857_N__O_0007_0035.nc', '/data/trade_pc/mtg/fci/2025/06/06/W_XX-EUMETSAT-Darmstadt,IMG+SAT,MTI1+FCI-1C-RRAD-HRFI-FD--CHK-BODY---NC4E_C_EUMT_20250606011050_IDPFI_OPE_20250606010818_20250606010911_N__O_0007_0036.nc', '/data/trade_pc/mtg/fci/2025/06/06/W_XX-EUMETSAT-Darmstadt,IMG+SAT,MTI1+FCI-1C-RRAD-HRFI-FD--CHK-BODY---NC4E_C_EUMT_20250606011054_IDPFI_OPE_20250606010834_20250606010917_N__O_0007_0037.nc'] None
Processing 2025-06-06 01:00:00 for channel ir_105
Processing 2025-06-06 01:00:00 for channel vis_06
['/data/trade_pc/mtg/fci/2025/06/06/W_XX-EUMETSAT-Darmstadt,IMG+SAT,MTI1+FCI-1C-RRAD-HRFI-FD--CHK-BODY---NC4E_C_EUMT_20250606012038_IDPFI_OPE_20250606011810_20250606011857_N__O_0008_0035.nc', '/data/trade_pc/mtg/fci/2025/06/06/W_XX-EUMETSAT-Darmstadt,IMG+SAT,MTI1+FCI-1C-RRAD-HRFI-FD--CHK-BODY---NC4E_C_EUMT_20250606012042_IDPFI_OPE_20250606011818_20250606011904_N__O_0008_0036.nc', '/data/trade_pc/mtg/fci/2025/06/06/W_XX-EUMETSAT-Darmstadt,IMG+SAT,MTI1+FCI-1C-RRAD-HRFI-FD--CHK-BODY---NC4E_C_EUMT_20250606012055_IDPFI_OPE_20250606011834_20250606011917_N__O_0008_0037.nc'] None
Processing 2025-06-06 01:10:00 for channel ir_105
Processing 2025-06-06 01:10:00 for channel vis_06
['/data/trade_pc/mtg/fci/2025/06/06/W_XX-EUMETSAT-Darmstadt,IMG+SAT,MTI1+FCI-1C-RRAD-HRFI-FD--CHK-BODY---NC4E_C_EUMT_20250606013039_IDPFI_OPE_20250606012810_20250606012857_N__O_0009_0035.nc', '/data/trade_pc/mtg/fci/2025/06/06/W_XX-EUMETSAT-Darmstadt,IMG+SAT,MTI1+FCI-1C-RRAD-HRFI-FD--CHK-BODY---NC4E_C_EUMT_20250606013046_IDPFI_OPE_20250606012818_20250606012904_N__O_0009_0036.nc', '/data/trade_pc/mtg/fci/2025/06/06/W_XX-EUMETSAT-Darmstadt,IMG+SAT,MTI1+FCI-1C-RRAD-HRFI-FD--CHK-BODY---NC4E_C_EUMT_20250606013056_IDPFI_OPE_20250606012834_20250606012917_N__O_0009_0037.nc'] None
Processing 2025-06-06 01:20:00 for channel ir_105
Processing 2025-06-06 01:20:00 for channel vis_06
['/data/trade_pc/mtg/fci/2025/06/06/W_XX-EUMETSAT-Darmstadt,IMG+SAT,MTI1+FCI-1C-RRAD-HRFI-FD--CHK-BODY---NC4E_C_EUMT_20250606014044_IDPFI_OPE_20250606013810_20250606013857_N__O_0010_0035.nc', '/data/trade_pc/mtg/fci/2025/06/06/W_XX-EUMETSAT-Darmstadt,IMG+SAT,MTI1+FCI-1C-RRAD-HRFI-FD--CHK-BODY---NC4E_C_EUMT_20250606014049_IDPFI_OPE_20250606013818_20250606013904_N__O_0010_0036.nc', '/data/trade_pc/mtg/fci/2025/06/06/W_XX-EUMETSAT-Darmstadt,IMG+SAT,MTI1+FCI-1C-RRAD-HRFI-FD--CHK-BODY---NC4E_C_EUMT_20250606014055_IDPFI_OPE_20250606013834_20250606013917_N__O_0010_0037.nc'] None
Processing 2025-06-06 01:30:00 for channel ir_105
Processing 2025-06-06 01:30:00 for channel vis_06
['/data/trade_pc/mtg/fci/2025/06/06/W_XX-EUMETSAT-Darmstadt,IMG+SAT,MTI1+FCI-1C-RRAD-HRFI-FD--CHK-BODY---NC4E_C_EUMT_20250606015041_IDPFI_OPE_20250606014810_20250606014857_N__O_0011_0035.nc', '/data/trade_pc/mtg/fci/2025/06/06/W_XX-EUMETSAT-Darmstadt,IMG+SAT,MTI1+FCI-1C-RRAD-HRFI-FD--CHK-BODY---NC4E_C_EUMT_20250606015042_IDPFI_OPE_20250606014818_20250606014904_N__O_0011_0036.nc', '/data/trade_pc/mtg/fci/2025/06/06/W_XX-EUMETSAT-Darmstadt,IMG+SAT,MTI1+FCI-1C-RRAD-HRFI-FD--CHK-BODY---NC4E_C_EUMT_20250606015055_IDPFI_OPE_20250606014834_20250606014917_N__O_0011_0037.nc'] None
Processing 2025-06-06 01:40:00 for channel ir_105
Processing 2025-06-06 01:40:00 for channel vis_06
